<?xml version="1.0" ?>
<coverage branch-rate="1" branches-covered="0" branches-valid="0" complexity="0" line-rate="0" lines-covered="0" lines-valid="17" timestamp="1527075714917" version="4.5.1">
	<!-- Generated by coverage.py: https://coverage.readthedocs.io -->
	<!-- Based on https://raw.githubusercontent.com/cobertura/web/master/htdocs/xml/coverage-04.dtd -->
	<sources>
		<source>/home/travis/build/shrinilthakkar/p2ee/p2ee</source>
	</sources>
	<packages>
		<package branch-rate="1" complexity="0" line-rate="0" name=".">
			<classes>
				<class branch-rate="1" complexity="0" filename="__init__.py" line-rate="0" name="__init__.py">
					<methods/>
					<lines>
						<line hits="0" number="1"/>
					</lines>
				</class>
			</classes>
		</package>
		<package branch-rate="1" complexity="0" line-rate="1" name="utils">
			<classes>
				<class branch-rate="1" complexity="0" filename="utils/__init__.py" line-rate="1" name="__init__.py">
					<methods/>
					<lines/>
				</class>
			</classes>
		</package>
		<package branch-rate="1" complexity="0" line-rate="0" name="utils.loggers">
			<classes>
				<class branch-rate="1" complexity="0" filename="utils/loggers/__init__.py" line-rate="1" name="__init__.py">
					<methods/>
					<lines/>
				</class>
				<class branch-rate="1" complexity="0" filename="utils/loggers/treysor.py" line-rate="0" name="treysor.py">
					<methods/>
					<lines>
						<line hits="0" number="1"/>
						<line hits="0" number="17"/>
						<line hits="0" number="18"/>
						<line hits="0" number="19"/>
						<line hits="0" number="22"/>
						<line hits="0" number="35"/>
						<line hits="0" number="49"/>
						<line hits="0" number="50"/>
						<line hits="0" number="51"/>
						<line hits="0" number="54"/>
						<line hits="0" number="56"/>
						<line hits="0" number="57"/>
						<line hits="0" number="59"/>
						<line hits="0" number="62"/>
						<line hits="0" number="64"/>
						<line hits="0" number="71"/>
					</lines>
				</class>
			</classes>
		</package>
	</packages>
</coverage>
